DevTools failed to load source map: Could not load content for file:///D:/GitHub/tfjs_wasm/tf.min.js.map: System error: net::ERR_FILE_NOT_FOUND
 cpu backend was already registered. Reusing existing backend factory.
Hx @ tfjs@4.1.0:8700
t.registerBackend @ tfjs@4.1.0:10172
wI @ tfjs@4.1.0:13451
(anonymous) @ tf-backend-cpu.js:3564
(anonymous) @ tf-backend-cpu.js:20
(anonymous) @ tf-backend-cpu.js:21
 The kernel '_FusedMatMul' for backend 'cpu' is already registered
Hx @ tfjs@4.1.0:8700
Zx @ tfjs@4.1.0:8734
(anonymous) @ tf-backend-cpu.js:10467
(anonymous) @ tf-backend-cpu.js:20
(anonymous) @ tf-backend-cpu.js:21
 The kernel 'Abs' for backend 'cpu' is already registered
Hx @ tfjs@4.1.0:8700
Zx @ tfjs@4.1.0:8734
(anonymous) @ tf-backend-cpu.js:10467
(anonymous) @ tf-backend-cpu.js:20
(anonymous) @ tf-backend-cpu.js:21
 The kernel 'Acos' for backend 'cpu' is already registered
Hx @ tfjs@4.1.0:8700
Zx @ tfjs@4.1.0:8734
(anonymous) @ tf-backend-cpu.js:10467
(anonymous) @ tf-backend-cpu.js:20
(anonymous) @ tf-backend-cpu.js:21
 The kernel 'Acosh' for backend 'cpu' is already registered
Hx @ tfjs@4.1.0:8700
Zx @ tfjs@4.1.0:8734
(anonymous) @ tf-backend-cpu.js:10467
(anonymous) @ tf-backend-cpu.js:20
(anonymous) @ tf-backend-cpu.js:21
 The kernel 'Add' for backend 'cpu' is already registered
Hx @ tfjs@4.1.0:8700
Zx @ tfjs@4.1.0:8734
(anonymous) @ tf-backend-cpu.js:10467
(anonymous) @ tf-backend-cpu.js:20
(anonymous) @ tf-backend-cpu.js:21
 The kernel 'AddN' for backend 'cpu' is already registered
Hx @ tfjs@4.1.0:8700
Zx @ tfjs@4.1.0:8734
(anonymous) @ tf-backend-cpu.js:10467
(anonymous) @ tf-backend-cpu.js:20
(anonymous) @ tf-backend-cpu.js:21
 The kernel 'All' for backend 'cpu' is already registered
Hx @ tfjs@4.1.0:8700
Zx @ tfjs@4.1.0:8734
(anonymous) @ tf-backend-cpu.js:10467
(anonymous) @ tf-backend-cpu.js:20
(anonymous) @ tf-backend-cpu.js:21
 The kernel 'Any' for backend 'cpu' is already registered
Hx @ tfjs@4.1.0:8700
Zx @ tfjs@4.1.0:8734
(anonymous) @ tf-backend-cpu.js:10467
(anonymous) @ tf-backend-cpu.js:20
(anonymous) @ tf-backend-cpu.js:21
 The kernel 'ArgMax' for backend 'cpu' is already registered
Hx @ tfjs@4.1.0:8700
Zx @ tfjs@4.1.0:8734
(anonymous) @ tf-backend-cpu.js:10467
(anonymous) @ tf-backend-cpu.js:20
(anonymous) @ tf-backend-cpu.js:21
 The kernel 'ArgMin' for backend 'cpu' is already registered
Hx @ tfjs@4.1.0:8700
Zx @ tfjs@4.1.0:8734
(anonymous) @ tf-backend-cpu.js:10467
(anonymous) @ tf-backend-cpu.js:20
(anonymous) @ tf-backend-cpu.js:21
 The kernel 'Asin' for backend 'cpu' is already registered
Hx @ tfjs@4.1.0:8700
Zx @ tfjs@4.1.0:8734
(anonymous) @ tf-backend-cpu.js:10467
(anonymous) @ tf-backend-cpu.js:20
(anonymous) @ tf-backend-cpu.js:21
 The kernel 'Asinh' for backend 'cpu' is already registered
Hx @ tfjs@4.1.0:8700
Zx @ tfjs@4.1.0:8734
(anonymous) @ tf-backend-cpu.js:10467
(anonymous) @ tf-backend-cpu.js:20
(anonymous) @ tf-backend-cpu.js:21
 The kernel 'Atan' for backend 'cpu' is already registered
Hx @ tfjs@4.1.0:8700
Zx @ tfjs@4.1.0:8734
(anonymous) @ tf-backend-cpu.js:10467
(anonymous) @ tf-backend-cpu.js:20
(anonymous) @ tf-backend-cpu.js:21
 The kernel 'Atan2' for backend 'cpu' is already registered
Hx @ tfjs@4.1.0:8700
Zx @ tfjs@4.1.0:8734
(anonymous) @ tf-backend-cpu.js:10467
(anonymous) @ tf-backend-cpu.js:20
(anonymous) @ tf-backend-cpu.js:21
 The kernel 'Atanh' for backend 'cpu' is already registered
Hx @ tfjs@4.1.0:8700
Zx @ tfjs@4.1.0:8734
(anonymous) @ tf-backend-cpu.js:10467
(anonymous) @ tf-backend-cpu.js:20
(anonymous) @ tf-backend-cpu.js:21
 The kernel 'AvgPool' for backend 'cpu' is already registered
Hx @ tfjs@4.1.0:8700
Zx @ tfjs@4.1.0:8734
(anonymous) @ tf-backend-cpu.js:10467
(anonymous) @ tf-backend-cpu.js:20
(anonymous) @ tf-backend-cpu.js:21
 The kernel 'AvgPool3D' for backend 'cpu' is already registered
Hx @ tfjs@4.1.0:8700
Zx @ tfjs@4.1.0:8734
(anonymous) @ tf-backend-cpu.js:10467
(anonymous) @ tf-backend-cpu.js:20
(anonymous) @ tf-backend-cpu.js:21
 The kernel 'AvgPool3DGrad' for backend 'cpu' is already registered
Hx @ tfjs@4.1.0:8700
Zx @ tfjs@4.1.0:8734
(anonymous) @ tf-backend-cpu.js:10467
(anonymous) @ tf-backend-cpu.js:20
(anonymous) @ tf-backend-cpu.js:21
 The kernel 'AvgPoolGrad' for backend 'cpu' is already registered
Hx @ tfjs@4.1.0:8700
Zx @ tfjs@4.1.0:8734
(anonymous) @ tf-backend-cpu.js:10467
(anonymous) @ tf-backend-cpu.js:20
(anonymous) @ tf-backend-cpu.js:21
 The kernel 'BatchMatMul' for backend 'cpu' is already registered
Hx @ tfjs@4.1.0:8700
Zx @ tfjs@4.1.0:8734
(anonymous) @ tf-backend-cpu.js:10467
(anonymous) @ tf-backend-cpu.js:20
(anonymous) @ tf-backend-cpu.js:21
 The kernel 'FusedBatchNorm' for backend 'cpu' is already registered
Hx @ tfjs@4.1.0:8700
Zx @ tfjs@4.1.0:8734
(anonymous) @ tf-backend-cpu.js:10467
(anonymous) @ tf-backend-cpu.js:20
(anonymous) @ tf-backend-cpu.js:21
 The kernel 'BatchToSpaceND' for backend 'cpu' is already registered
Hx @ tfjs@4.1.0:8700
Zx @ tfjs@4.1.0:8734
(anonymous) @ tf-backend-cpu.js:10467
(anonymous) @ tf-backend-cpu.js:20
(anonymous) @ tf-backend-cpu.js:21
 The kernel 'Bincount' for backend 'cpu' is already registered
Hx @ tfjs@4.1.0:8700
Zx @ tfjs@4.1.0:8734
(anonymous) @ tf-backend-cpu.js:10467
(anonymous) @ tf-backend-cpu.js:20
(anonymous) @ tf-backend-cpu.js:21
 The kernel 'BroadcastArgs' for backend 'cpu' is already registered
Hx @ tfjs@4.1.0:8700
Zx @ tfjs@4.1.0:8734
(anonymous) @ tf-backend-cpu.js:10467
(anonymous) @ tf-backend-cpu.js:20
(anonymous) @ tf-backend-cpu.js:21
 The kernel 'Cast' for backend 'cpu' is already registered
Hx @ tfjs@4.1.0:8700
Zx @ tfjs@4.1.0:8734
(anonymous) @ tf-backend-cpu.js:10467
(anonymous) @ tf-backend-cpu.js:20
(anonymous) @ tf-backend-cpu.js:21
tfjs@4.1.0:8700 The kernel 'Ceil' for backend 'cpu' is already registered
Hx @ tfjs@4.1.0:8700
Zx @ tfjs@4.1.0:8734
(anonymous) @ register_all_kernels.ts:364
(anonymous) @ tf-backend-cpu.js:20
(anonymous) @ tf-backend-cpu.js:21
tfjs@4.1.0:8700 The kernel 'ClipByValue' for backend 'cpu' is already registered
Hx @ tfjs@4.1.0:8700
Zx @ tfjs@4.1.0:8734
(anonymous) @ register_all_kernels.ts:364
(anonymous) @ tf-backend-cpu.js:20
(anonymous) @ tf-backend-cpu.js:21
tfjs@4.1.0:8700 The kernel 'Complex' for backend 'cpu' is already registered
Hx @ tfjs@4.1.0:8700
Zx @ tfjs@4.1.0:8734
(anonymous) @ register_all_kernels.ts:364
(anonymous) @ tf-backend-cpu.js:20
(anonymous) @ tf-backend-cpu.js:21
tfjs@4.1.0:8700 The kernel 'ComplexAbs' for backend 'cpu' is already registered
Hx @ tfjs@4.1.0:8700
Zx @ tfjs@4.1.0:8734
(anonymous) @ register_all_kernels.ts:364
(anonymous) @ tf-backend-cpu.js:20
(anonymous) @ tf-backend-cpu.js:21
tfjs@4.1.0:8700 The kernel 'Concat' for backend 'cpu' is already registered
Hx @ tfjs@4.1.0:8700
Zx @ tfjs@4.1.0:8734
(anonymous) @ register_all_kernels.ts:364
(anonymous) @ tf-backend-cpu.js:20
(anonymous) @ tf-backend-cpu.js:21
tfjs@4.1.0:8700 The kernel 'Conv2D' for backend 'cpu' is already registered
Hx @ tfjs@4.1.0:8700
Zx @ tfjs@4.1.0:8734
(anonymous) @ register_all_kernels.ts:364
(anonymous) @ tf-backend-cpu.js:20
(anonymous) @ tf-backend-cpu.js:21
tfjs@4.1.0:8700 The kernel 'Conv2DBackpropFilter' for backend 'cpu' is already registered
Hx @ tfjs@4.1.0:8700
Zx @ tfjs@4.1.0:8734
(anonymous) @ register_all_kernels.ts:364
(anonymous) @ tf-backend-cpu.js:20
(anonymous) @ tf-backend-cpu.js:21
tfjs@4.1.0:8700 The kernel 'Conv2DBackpropInput' for backend 'cpu' is already registered
Hx @ tfjs@4.1.0:8700
Zx @ tfjs@4.1.0:8734
(anonymous) @ register_all_kernels.ts:364
(anonymous) @ tf-backend-cpu.js:20
(anonymous) @ tf-backend-cpu.js:21
tfjs@4.1.0:8700 The kernel 'Conv3D' for backend 'cpu' is already registered
Hx @ tfjs@4.1.0:8700
Zx @ tfjs@4.1.0:8734
(anonymous) @ register_all_kernels.ts:364
(anonymous) @ tf-backend-cpu.js:20
(anonymous) @ tf-backend-cpu.js:21
tfjs@4.1.0:8700 The kernel 'Conv3DBackpropFilterV2' for backend 'cpu' is already registered
Hx @ tfjs@4.1.0:8700
Zx @ tfjs@4.1.0:8734
(anonymous) @ register_all_kernels.ts:364
(anonymous) @ tf-backend-cpu.js:20
(anonymous) @ tf-backend-cpu.js:21
tfjs@4.1.0:8700 The kernel 'Conv3DBackpropInputV2' for backend 'cpu' is already registered
Hx @ tfjs@4.1.0:8700
Zx @ tfjs@4.1.0:8734
(anonymous) @ register_all_kernels.ts:364
(anonymous) @ tf-backend-cpu.js:20
(anonymous) @ tf-backend-cpu.js:21
tfjs@4.1.0:8700 The kernel 'Cos' for backend 'cpu' is already registered
Hx @ tfjs@4.1.0:8700
Zx @ tfjs@4.1.0:8734
(anonymous) @ register_all_kernels.ts:364
(anonymous) @ tf-backend-cpu.js:20
(anonymous) @ tf-backend-cpu.js:21
tfjs@4.1.0:8700 The kernel 'Cosh' for backend 'cpu' is already registered
Hx @ tfjs@4.1.0:8700
Zx @ tfjs@4.1.0:8734
(anonymous) @ register_all_kernels.ts:364
(anonymous) @ tf-backend-cpu.js:20
(anonymous) @ tf-backend-cpu.js:21
tfjs@4.1.0:8700 The kernel 'CropAndResize' for backend 'cpu' is already registered
Hx @ tfjs@4.1.0:8700
Zx @ tfjs@4.1.0:8734
(anonymous) @ register_all_kernels.ts:364
(anonymous) @ tf-backend-cpu.js:20
(anonymous) @ tf-backend-cpu.js:21
tfjs@4.1.0:8700 The kernel 'Cumprod' for backend 'cpu' is already registered
Hx @ tfjs@4.1.0:8700
Zx @ tfjs@4.1.0:8734
(anonymous) @ register_all_kernels.ts:364
(anonymous) @ tf-backend-cpu.js:20
(anonymous) @ tf-backend-cpu.js:21
tfjs@4.1.0:8700 The kernel 'Cumsum' for backend 'cpu' is already registered
Hx @ tfjs@4.1.0:8700
Zx @ tfjs@4.1.0:8734
(anonymous) @ register_all_kernels.ts:364
(anonymous) @ tf-backend-cpu.js:20
(anonymous) @ tf-backend-cpu.js:21
tfjs@4.1.0:8700 The kernel 'DenseBincount' for backend 'cpu' is already registered
Hx @ tfjs@4.1.0:8700
Zx @ tfjs@4.1.0:8734
(anonymous) @ register_all_kernels.ts:364
(anonymous) @ tf-backend-cpu.js:20
(anonymous) @ tf-backend-cpu.js:21
tfjs@4.1.0:8700 The kernel 'DepthToSpace' for backend 'cpu' is already registered
Hx @ tfjs@4.1.0:8700
Zx @ tfjs@4.1.0:8734
(anonymous) @ register_all_kernels.ts:364
(anonymous) @ tf-backend-cpu.js:20
(anonymous) @ tf-backend-cpu.js:21
tfjs@4.1.0:8700 The kernel 'DepthwiseConv2dNative' for backend 'cpu' is already registered
Hx @ tfjs@4.1.0:8700
Zx @ tfjs@4.1.0:8734
(anonymous) @ register_all_kernels.ts:364
(anonymous) @ tf-backend-cpu.js:20
(anonymous) @ tf-backend-cpu.js:21
tfjs@4.1.0:8700 The kernel 'DepthwiseConv2dNativeBackpropFilter' for backend 'cpu' is already registered
Hx @ tfjs@4.1.0:8700
Zx @ tfjs@4.1.0:8734
(anonymous) @ register_all_kernels.ts:364
(anonymous) @ tf-backend-cpu.js:20
(anonymous) @ tf-backend-cpu.js:21
tfjs@4.1.0:8700 The kernel 'DepthwiseConv2dNativeBackpropInput' for backend 'cpu' is already registered
Hx @ tfjs@4.1.0:8700
Zx @ tfjs@4.1.0:8734
(anonymous) @ register_all_kernels.ts:364
(anonymous) @ tf-backend-cpu.js:20
(anonymous) @ tf-backend-cpu.js:21
tfjs@4.1.0:8700 The kernel 'Diag' for backend 'cpu' is already registered
Hx @ tfjs@4.1.0:8700
Zx @ tfjs@4.1.0:8734
(anonymous) @ register_all_kernels.ts:364
(anonymous) @ tf-backend-cpu.js:20
(anonymous) @ tf-backend-cpu.js:21
tfjs@4.1.0:8700 The kernel 'Dilation2D' for backend 'cpu' is already registered
Hx @ tfjs@4.1.0:8700
Zx @ tfjs@4.1.0:8734
(anonymous) @ register_all_kernels.ts:364
(anonymous) @ tf-backend-cpu.js:20
(anonymous) @ tf-backend-cpu.js:21
tfjs@4.1.0:8700 The kernel 'Dilation2DBackpropFilter' for backend 'cpu' is already registered
Hx @ tfjs@4.1.0:8700
Zx @ tfjs@4.1.0:8734
(anonymous) @ register_all_kernels.ts:364
(anonymous) @ tf-backend-cpu.js:20
(anonymous) @ tf-backend-cpu.js:21
tfjs@4.1.0:8700 The kernel 'Dilation2DBackpropInput' for backend 'cpu' is already registered
Hx @ tfjs@4.1.0:8700
Zx @ tfjs@4.1.0:8734
(anonymous) @ register_all_kernels.ts:364
(anonymous) @ tf-backend-cpu.js:20
(anonymous) @ tf-backend-cpu.js:21
tfjs@4.1.0:8700 The kernel 'Einsum' for backend 'cpu' is already registered
Hx @ tfjs@4.1.0:8700
Zx @ tfjs@4.1.0:8734
(anonymous) @ register_all_kernels.ts:364
(anonymous) @ tf-backend-cpu.js:20
(anonymous) @ tf-backend-cpu.js:21
tfjs@4.1.0:8700 The kernel 'Elu' for backend 'cpu' is already registered
Hx @ tfjs@4.1.0:8700
Zx @ tfjs@4.1.0:8734
(anonymous) @ register_all_kernels.ts:364
(anonymous) @ tf-backend-cpu.js:20
(anonymous) @ tf-backend-cpu.js:21
tfjs@4.1.0:8700 The kernel 'EluGrad' for backend 'cpu' is already registered
Hx @ tfjs@4.1.0:8700
Zx @ tfjs@4.1.0:8734
(anonymous) @ register_all_kernels.ts:364
(anonymous) @ tf-backend-cpu.js:20
(anonymous) @ tf-backend-cpu.js:21
tfjs@4.1.0:8700 The kernel 'Equal' for backend 'cpu' is already registered
Hx @ tfjs@4.1.0:8700
Zx @ tfjs@4.1.0:8734
(anonymous) @ register_all_kernels.ts:364
(anonymous) @ tf-backend-cpu.js:20
(anonymous) @ tf-backend-cpu.js:21
tfjs@4.1.0:8700 The kernel 'Erf' for backend 'cpu' is already registered
Hx @ tfjs@4.1.0:8700
Zx @ tfjs@4.1.0:8734
(anonymous) @ register_all_kernels.ts:364
(anonymous) @ tf-backend-cpu.js:20
(anonymous) @ tf-backend-cpu.js:21
tfjs@4.1.0:8700 The kernel 'Exp' for backend 'cpu' is already registered
Hx @ tfjs@4.1.0:8700
Zx @ tfjs@4.1.0:8734
(anonymous) @ register_all_kernels.ts:364
(anonymous) @ tf-backend-cpu.js:20
(anonymous) @ tf-backend-cpu.js:21
tfjs@4.1.0:8700 The kernel 'ExpandDims' for backend 'cpu' is already registered
Hx @ tfjs@4.1.0:8700
Zx @ tfjs@4.1.0:8734
(anonymous) @ register_all_kernels.ts:364
(anonymous) @ tf-backend-cpu.js:20
(anonymous) @ tf-backend-cpu.js:21
tfjs@4.1.0:8700 The kernel 'Expm1' for backend 'cpu' is already registered
Hx @ tfjs@4.1.0:8700
Zx @ tfjs@4.1.0:8734
(anonymous) @ register_all_kernels.ts:364
(anonymous) @ tf-backend-cpu.js:20
(anonymous) @ tf-backend-cpu.js:21
tfjs@4.1.0:8700 The kernel 'FFT' for backend 'cpu' is already registered
Hx @ tfjs@4.1.0:8700
Zx @ tfjs@4.1.0:8734
(anonymous) @ register_all_kernels.ts:364
(anonymous) @ tf-backend-cpu.js:20
(anonymous) @ tf-backend-cpu.js:21
tfjs@4.1.0:8700 The kernel 'Fill' for backend 'cpu' is already registered
Hx @ tfjs@4.1.0:8700
Zx @ tfjs@4.1.0:8734
(anonymous) @ register_all_kernels.ts:364
(anonymous) @ tf-backend-cpu.js:20
(anonymous) @ tf-backend-cpu.js:21
tfjs@4.1.0:8700 The kernel 'FlipLeftRight' for backend 'cpu' is already registered
Hx @ tfjs@4.1.0:8700
Zx @ tfjs@4.1.0:8734
(anonymous) @ register_all_kernels.ts:364
(anonymous) @ tf-backend-cpu.js:20
(anonymous) @ tf-backend-cpu.js:21
tfjs@4.1.0:8700 The kernel 'Floor' for backend 'cpu' is already registered
Hx @ tfjs@4.1.0:8700
Zx @ tfjs@4.1.0:8734
(anonymous) @ register_all_kernels.ts:364
(anonymous) @ tf-backend-cpu.js:20
(anonymous) @ tf-backend-cpu.js:21
tfjs@4.1.0:8700 The kernel 'FloorDiv' for backend 'cpu' is already registered
Hx @ tfjs@4.1.0:8700
Zx @ tfjs@4.1.0:8734
(anonymous) @ register_all_kernels.ts:364
(anonymous) @ tf-backend-cpu.js:20
(anonymous) @ tf-backend-cpu.js:21
tfjs@4.1.0:8700 The kernel 'FusedConv2D' for backend 'cpu' is already registered
Hx @ tfjs@4.1.0:8700
Zx @ tfjs@4.1.0:8734
(anonymous) @ register_all_kernels.ts:364
(anonymous) @ tf-backend-cpu.js:20
(anonymous) @ tf-backend-cpu.js:21
tfjs@4.1.0:8700 The kernel 'FusedDepthwiseConv2D' for backend 'cpu' is already registered
Hx @ tfjs@4.1.0:8700
Zx @ tfjs@4.1.0:8734
(anonymous) @ register_all_kernels.ts:364
(anonymous) @ tf-backend-cpu.js:20
(anonymous) @ tf-backend-cpu.js:21
tfjs@4.1.0:8700 The kernel 'GatherNd' for backend 'cpu' is already registered
Hx @ tfjs@4.1.0:8700
Zx @ tfjs@4.1.0:8734
(anonymous) @ register_all_kernels.ts:364
(anonymous) @ tf-backend-cpu.js:20
(anonymous) @ tf-backend-cpu.js:21
tfjs@4.1.0:8700 The kernel 'GatherV2' for backend 'cpu' is already registered
Hx @ tfjs@4.1.0:8700
Zx @ tfjs@4.1.0:8734
(anonymous) @ register_all_kernels.ts:364
(anonymous) @ tf-backend-cpu.js:20
(anonymous) @ tf-backend-cpu.js:21
tfjs@4.1.0:8700 The kernel 'Greater' for backend 'cpu' is already registered
Hx @ tfjs@4.1.0:8700
Zx @ tfjs@4.1.0:8734
(anonymous) @ register_all_kernels.ts:364
(anonymous) @ tf-backend-cpu.js:20
(anonymous) @ tf-backend-cpu.js:21
tfjs@4.1.0:8700 The kernel 'GreaterEqual' for backend 'cpu' is already registered
Hx @ tfjs@4.1.0:8700
Zx @ tfjs@4.1.0:8734
(anonymous) @ register_all_kernels.ts:364
(anonymous) @ tf-backend-cpu.js:20
(anonymous) @ tf-backend-cpu.js:21
tfjs@4.1.0:8700 The kernel 'Identity' for backend 'cpu' is already registered
Hx @ tfjs@4.1.0:8700
Zx @ tfjs@4.1.0:8734
(anonymous) @ register_all_kernels.ts:364
(anonymous) @ tf-backend-cpu.js:20
(anonymous) @ tf-backend-cpu.js:21
tfjs@4.1.0:8700 The kernel 'IFFT' for backend 'cpu' is already registered
Hx @ tfjs@4.1.0:8700
Zx @ tfjs@4.1.0:8734
(anonymous) @ register_all_kernels.ts:364
(anonymous) @ tf-backend-cpu.js:20
(anonymous) @ tf-backend-cpu.js:21
tfjs@4.1.0:8700 The kernel 'Imag' for backend 'cpu' is already registered
Hx @ tfjs@4.1.0:8700
Zx @ tfjs@4.1.0:8734
(anonymous) @ register_all_kernels.ts:364
(anonymous) @ tf-backend-cpu.js:20
(anonymous) @ tf-backend-cpu.js:21
tfjs@4.1.0:8700 The kernel 'IsFinite' for backend 'cpu' is already registered
Hx @ tfjs@4.1.0:8700
Zx @ tfjs@4.1.0:8734
(anonymous) @ register_all_kernels.ts:364
(anonymous) @ tf-backend-cpu.js:20
(anonymous) @ tf-backend-cpu.js:21
tfjs@4.1.0:8700 The kernel 'IsInf' for backend 'cpu' is already registered
Hx @ tfjs@4.1.0:8700
Zx @ tfjs@4.1.0:8734
(anonymous) @ register_all_kernels.ts:364
(anonymous) @ tf-backend-cpu.js:20
(anonymous) @ tf-backend-cpu.js:21
tfjs@4.1.0:8700 The kernel 'IsNan' for backend 'cpu' is already registered
Hx @ tfjs@4.1.0:8700
Zx @ tfjs@4.1.0:8734
(anonymous) @ register_all_kernels.ts:364
(anonymous) @ tf-backend-cpu.js:20
(anonymous) @ tf-backend-cpu.js:21
tfjs@4.1.0:8700 The kernel 'LeakyRelu' for backend 'cpu' is already registered
Hx @ tfjs@4.1.0:8700
Zx @ tfjs@4.1.0:8734
(anonymous) @ register_all_kernels.ts:364
(anonymous) @ tf-backend-cpu.js:20
(anonymous) @ tf-backend-cpu.js:21
tfjs@4.1.0:8700 The kernel 'Less' for backend 'cpu' is already registered
Hx @ tfjs@4.1.0:8700
Zx @ tfjs@4.1.0:8734
(anonymous) @ register_all_kernels.ts:364
(anonymous) @ tf-backend-cpu.js:20
(anonymous) @ tf-backend-cpu.js:21
tfjs@4.1.0:8700 The kernel 'LessEqual' for backend 'cpu' is already registered
Hx @ tfjs@4.1.0:8700
Zx @ tfjs@4.1.0:8734
(anonymous) @ register_all_kernels.ts:364
(anonymous) @ tf-backend-cpu.js:20
(anonymous) @ tf-backend-cpu.js:21
tfjs@4.1.0:8700 The kernel 'LinSpace' for backend 'cpu' is already registered
Hx @ tfjs@4.1.0:8700
Zx @ tfjs@4.1.0:8734
(anonymous) @ register_all_kernels.ts:364
(anonymous) @ tf-backend-cpu.js:20
(anonymous) @ tf-backend-cpu.js:21
tfjs@4.1.0:8700 The kernel 'Log' for backend 'cpu' is already registered
Hx @ tfjs@4.1.0:8700
Zx @ tfjs@4.1.0:8734
(anonymous) @ register_all_kernels.ts:364
(anonymous) @ tf-backend-cpu.js:20
(anonymous) @ tf-backend-cpu.js:21
tfjs@4.1.0:8700 The kernel 'Log1p' for backend 'cpu' is already registered
Hx @ tfjs@4.1.0:8700
Zx @ tfjs@4.1.0:8734
(anonymous) @ register_all_kernels.ts:364
(anonymous) @ tf-backend-cpu.js:20
(anonymous) @ tf-backend-cpu.js:21
tfjs@4.1.0:8700 The kernel 'LogicalAnd' for backend 'cpu' is already registered
Hx @ tfjs@4.1.0:8700
Zx @ tfjs@4.1.0:8734
(anonymous) @ register_all_kernels.ts:364
(anonymous) @ tf-backend-cpu.js:20
(anonymous) @ tf-backend-cpu.js:21
tfjs@4.1.0:8700 The kernel 'LogicalNot' for backend 'cpu' is already registered
Hx @ tfjs@4.1.0:8700
Zx @ tfjs@4.1.0:8734
(anonymous) @ register_all_kernels.ts:364
(anonymous) @ tf-backend-cpu.js:20
(anonymous) @ tf-backend-cpu.js:21
tfjs@4.1.0:8700 The kernel 'LogicalOr' for backend 'cpu' is already registered
Hx @ tfjs@4.1.0:8700
Zx @ tfjs@4.1.0:8734
(anonymous) @ register_all_kernels.ts:364
(anonymous) @ tf-backend-cpu.js:20
(anonymous) @ tf-backend-cpu.js:21
tfjs@4.1.0:8700 The kernel 'LRN' for backend 'cpu' is already registered
Hx @ tfjs@4.1.0:8700
Zx @ tfjs@4.1.0:8734
(anonymous) @ register_all_kernels.ts:364
(anonymous) @ tf-backend-cpu.js:20
(anonymous) @ tf-backend-cpu.js:21
tfjs@4.1.0:8700 The kernel 'LRNGrad' for backend 'cpu' is already registered
Hx @ tfjs@4.1.0:8700
Zx @ tfjs@4.1.0:8734
(anonymous) @ register_all_kernels.ts:364
(anonymous) @ tf-backend-cpu.js:20
(anonymous) @ tf-backend-cpu.js:21
tfjs@4.1.0:8700 The kernel 'Max' for backend 'cpu' is already registered
Hx @ tfjs@4.1.0:8700
Zx @ tfjs@4.1.0:8734
(anonymous) @ register_all_kernels.ts:364
(anonymous) @ tf-backend-cpu.js:20
(anonymous) @ tf-backend-cpu.js:21
tfjs@4.1.0:8700 The kernel 'Maximum' for backend 'cpu' is already registered
Hx @ tfjs@4.1.0:8700
Zx @ tfjs@4.1.0:8734
(anonymous) @ register_all_kernels.ts:364
(anonymous) @ tf-backend-cpu.js:20
(anonymous) @ tf-backend-cpu.js:21
tfjs@4.1.0:8700 The kernel 'MaxPool' for backend 'cpu' is already registered
Hx @ tfjs@4.1.0:8700
Zx @ tfjs@4.1.0:8734
(anonymous) @ register_all_kernels.ts:364
(anonymous) @ tf-backend-cpu.js:20
(anonymous) @ tf-backend-cpu.js:21
tfjs@4.1.0:8700 The kernel 'MaxPool3D' for backend 'cpu' is already registered
Hx @ tfjs@4.1.0:8700
Zx @ tfjs@4.1.0:8734
(anonymous) @ register_all_kernels.ts:364
(anonymous) @ tf-backend-cpu.js:20
(anonymous) @ tf-backend-cpu.js:21
tfjs@4.1.0:8700 The kernel 'MaxPool3DGrad' for backend 'cpu' is already registered
Hx @ tfjs@4.1.0:8700
Zx @ tfjs@4.1.0:8734
(anonymous) @ register_all_kernels.ts:364
(anonymous) @ tf-backend-cpu.js:20
(anonymous) @ tf-backend-cpu.js:21
tfjs@4.1.0:8700 The kernel 'MaxPoolGrad' for backend 'cpu' is already registered
Hx @ tfjs@4.1.0:8700
Zx @ tfjs@4.1.0:8734
(anonymous) @ register_all_kernels.ts:364
(anonymous) @ tf-backend-cpu.js:20
(anonymous) @ tf-backend-cpu.js:21
tfjs@4.1.0:8700 The kernel 'MaxPoolWithArgmax' for backend 'cpu' is already registered
Hx @ tfjs@4.1.0:8700
Zx @ tfjs@4.1.0:8734
(anonymous) @ register_all_kernels.ts:364
(anonymous) @ tf-backend-cpu.js:20
(anonymous) @ tf-backend-cpu.js:21
tfjs@4.1.0:8700 The kernel 'Mean' for backend 'cpu' is already registered
Hx @ tfjs@4.1.0:8700
Zx @ tfjs@4.1.0:8734
(anonymous) @ register_all_kernels.ts:364
(anonymous) @ tf-backend-cpu.js:20
(anonymous) @ tf-backend-cpu.js:21
tfjs@4.1.0:8700 The kernel 'Min' for backend 'cpu' is already registered
Hx @ tfjs@4.1.0:8700
Zx @ tfjs@4.1.0:8734
(anonymous) @ register_all_kernels.ts:364
(anonymous) @ tf-backend-cpu.js:20
(anonymous) @ tf-backend-cpu.js:21
tfjs@4.1.0:8700 The kernel 'Minimum' for backend 'cpu' is already registered
Hx @ tfjs@4.1.0:8700
Zx @ tfjs@4.1.0:8734
(anonymous) @ register_all_kernels.ts:364
(anonymous) @ tf-backend-cpu.js:20
(anonymous) @ tf-backend-cpu.js:21
tfjs@4.1.0:8700 The kernel 'MirrorPad' for backend 'cpu' is already registered
Hx @ tfjs@4.1.0:8700
Zx @ tfjs@4.1.0:8734
(anonymous) @ register_all_kernels.ts:364
(anonymous) @ tf-backend-cpu.js:20
(anonymous) @ tf-backend-cpu.js:21
tfjs@4.1.0:8700 The kernel 'Mod' for backend 'cpu' is already registered
Hx @ tfjs@4.1.0:8700
Zx @ tfjs@4.1.0:8734
(anonymous) @ register_all_kernels.ts:364
(anonymous) @ tf-backend-cpu.js:20
(anonymous) @ tf-backend-cpu.js:21
tfjs@4.1.0:8700 The kernel 'Multinomial' for backend 'cpu' is already registered
Hx @ tfjs@4.1.0:8700
Zx @ tfjs@4.1.0:8734
(anonymous) @ register_all_kernels.ts:364
(anonymous) @ tf-backend-cpu.js:20
(anonymous) @ tf-backend-cpu.js:21
tfjs@4.1.0:8700 The kernel 'Multiply' for backend 'cpu' is already registered
Hx @ tfjs@4.1.0:8700
Zx @ tfjs@4.1.0:8734
(anonymous) @ register_all_kernels.ts:364
(anonymous) @ tf-backend-cpu.js:20
(anonymous) @ tf-backend-cpu.js:21
tfjs@4.1.0:8700 The kernel 'Neg' for backend 'cpu' is already registered
Hx @ tfjs@4.1.0:8700
Zx @ tfjs@4.1.0:8734
(anonymous) @ register_all_kernels.ts:364
(anonymous) @ tf-backend-cpu.js:20
(anonymous) @ tf-backend-cpu.js:21
tfjs@4.1.0:8700 The kernel 'NonMaxSuppressionV3' for backend 'cpu' is already registered
Hx @ tfjs@4.1.0:8700
Zx @ tfjs@4.1.0:8734
(anonymous) @ register_all_kernels.ts:364
(anonymous) @ tf-backend-cpu.js:20
(anonymous) @ tf-backend-cpu.js:21
tfjs@4.1.0:8700 The kernel 'NonMaxSuppressionV4' for backend 'cpu' is already registered
Hx @ tfjs@4.1.0:8700
Zx @ tfjs@4.1.0:8734
(anonymous) @ register_all_kernels.ts:364
(anonymous) @ tf-backend-cpu.js:20
(anonymous) @ tf-backend-cpu.js:21
tfjs@4.1.0:8700 The kernel 'NonMaxSuppressionV5' for backend 'cpu' is already registered
Hx @ tfjs@4.1.0:8700
Zx @ tfjs@4.1.0:8734
(anonymous) @ register_all_kernels.ts:364
(anonymous) @ tf-backend-cpu.js:20
(anonymous) @ tf-backend-cpu.js:21
tfjs@4.1.0:8700 The kernel 'NotEqual' for backend 'cpu' is already registered
Hx @ tfjs@4.1.0:8700
Zx @ tfjs@4.1.0:8734
(anonymous) @ register_all_kernels.ts:364
(anonymous) @ tf-backend-cpu.js:20
(anonymous) @ tf-backend-cpu.js:21
tfjs@4.1.0:8700 The kernel 'OneHot' for backend 'cpu' is already registered
Hx @ tfjs@4.1.0:8700
Zx @ tfjs@4.1.0:8734
(anonymous) @ register_all_kernels.ts:364
(anonymous) @ tf-backend-cpu.js:20
(anonymous) @ tf-backend-cpu.js:21
tfjs@4.1.0:8700 The kernel 'OnesLike' for backend 'cpu' is already registered
Hx @ tfjs@4.1.0:8700
Zx @ tfjs@4.1.0:8734
(anonymous) @ register_all_kernels.ts:364
(anonymous) @ tf-backend-cpu.js:20
(anonymous) @ tf-backend-cpu.js:21
tfjs@4.1.0:8700 The kernel 'Pack' for backend 'cpu' is already registered
Hx @ tfjs@4.1.0:8700
Zx @ tfjs@4.1.0:8734
(anonymous) @ register_all_kernels.ts:364
(anonymous) @ tf-backend-cpu.js:20
(anonymous) @ tf-backend-cpu.js:21
tfjs@4.1.0:8700 The kernel 'PadV2' for backend 'cpu' is already registered
Hx @ tfjs@4.1.0:8700
Zx @ tfjs@4.1.0:8734
(anonymous) @ register_all_kernels.ts:364
(anonymous) @ tf-backend-cpu.js:20
(anonymous) @ tf-backend-cpu.js:21
tfjs@4.1.0:8700 The kernel 'Pow' for backend 'cpu' is already registered
Hx @ tfjs@4.1.0:8700
Zx @ tfjs@4.1.0:8734
(anonymous) @ register_all_kernels.ts:364
(anonymous) @ tf-backend-cpu.js:20
(anonymous) @ tf-backend-cpu.js:21
tfjs@4.1.0:8700 The kernel 'Prelu' for backend 'cpu' is already registered
Hx @ tfjs@4.1.0:8700
Zx @ tfjs@4.1.0:8734
(anonymous) @ register_all_kernels.ts:364
(anonymous) @ tf-backend-cpu.js:20
(anonymous) @ tf-backend-cpu.js:21
tfjs@4.1.0:8700 The kernel 'Prod' for backend 'cpu' is already registered
Hx @ tfjs@4.1.0:8700
Zx @ tfjs@4.1.0:8734
(anonymous) @ register_all_kernels.ts:364
(anonymous) @ tf-backend-cpu.js:20
(anonymous) @ tf-backend-cpu.js:21
tfjs@4.1.0:8700 The kernel 'RaggedGather' for backend 'cpu' is already registered
Hx @ tfjs@4.1.0:8700
Zx @ tfjs@4.1.0:8734
(anonymous) @ register_all_kernels.ts:364
(anonymous) @ tf-backend-cpu.js:20
(anonymous) @ tf-backend-cpu.js:21
tfjs@4.1.0:8700 The kernel 'RaggedRange' for backend 'cpu' is already registered
Hx @ tfjs@4.1.0:8700
Zx @ tfjs@4.1.0:8734
(anonymous) @ register_all_kernels.ts:364
(anonymous) @ tf-backend-cpu.js:20
(anonymous) @ tf-backend-cpu.js:21
tfjs@4.1.0:8700 The kernel 'RaggedTensorToTensor' for backend 'cpu' is already registered
Hx @ tfjs@4.1.0:8700
Zx @ tfjs@4.1.0:8734
(anonymous) @ register_all_kernels.ts:364
(anonymous) @ tf-backend-cpu.js:20
(anonymous) @ tf-backend-cpu.js:21
tfjs@4.1.0:8700 The kernel 'Range' for backend 'cpu' is already registered
Hx @ tfjs@4.1.0:8700
Zx @ tfjs@4.1.0:8734
(anonymous) @ register_all_kernels.ts:364
(anonymous) @ tf-backend-cpu.js:20
(anonymous) @ tf-backend-cpu.js:21
tfjs@4.1.0:8700 The kernel 'Real' for backend 'cpu' is already registered
Hx @ tfjs@4.1.0:8700
Zx @ tfjs@4.1.0:8734
(anonymous) @ register_all_kernels.ts:364
(anonymous) @ tf-backend-cpu.js:20
(anonymous) @ tf-backend-cpu.js:21
tfjs@4.1.0:8700 The kernel 'RealDiv' for backend 'cpu' is already registered
Hx @ tfjs@4.1.0:8700
Zx @ tfjs@4.1.0:8734
(anonymous) @ register_all_kernels.ts:364
(anonymous) @ tf-backend-cpu.js:20
(anonymous) @ tf-backend-cpu.js:21
tfjs@4.1.0:8700 The kernel 'Reciprocal' for backend 'cpu' is already registered
Hx @ tfjs@4.1.0:8700
Zx @ tfjs@4.1.0:8734
(anonymous) @ register_all_kernels.ts:364
(anonymous) @ tf-backend-cpu.js:20
(anonymous) @ tf-backend-cpu.js:21
tfjs@4.1.0:8700 The kernel 'Relu' for backend 'cpu' is already registered
Hx @ tfjs@4.1.0:8700
Zx @ tfjs@4.1.0:8734
(anonymous) @ register_all_kernels.ts:364
(anonymous) @ tf-backend-cpu.js:20
(anonymous) @ tf-backend-cpu.js:21
tfjs@4.1.0:8700 The kernel 'Relu6' for backend 'cpu' is already registered
Hx @ tfjs@4.1.0:8700
Zx @ tfjs@4.1.0:8734
(anonymous) @ register_all_kernels.ts:364
(anonymous) @ tf-backend-cpu.js:20
(anonymous) @ tf-backend-cpu.js:21
tfjs@4.1.0:8700 The kernel 'Reshape' for backend 'cpu' is already registered
Hx @ tfjs@4.1.0:8700
Zx @ tfjs@4.1.0:8734
(anonymous) @ register_all_kernels.ts:364
(anonymous) @ tf-backend-cpu.js:20
(anonymous) @ tf-backend-cpu.js:21
tfjs@4.1.0:8700 The kernel 'ResizeBilinear' for backend 'cpu' is already registered
Hx @ tfjs@4.1.0:8700
Zx @ tfjs@4.1.0:8734
(anonymous) @ register_all_kernels.ts:364
(anonymous) @ tf-backend-cpu.js:20
(anonymous) @ tf-backend-cpu.js:21
tfjs@4.1.0:8700 The kernel 'ResizeBilinearGrad' for backend 'cpu' is already registered
Hx @ tfjs@4.1.0:8700
Zx @ tfjs@4.1.0:8734
(anonymous) @ register_all_kernels.ts:364
(anonymous) @ tf-backend-cpu.js:20
(anonymous) @ tf-backend-cpu.js:21
tfjs@4.1.0:8700 The kernel 'ResizeNearestNeighbor' for backend 'cpu' is already registered
Hx @ tfjs@4.1.0:8700
Zx @ tfjs@4.1.0:8734
(anonymous) @ register_all_kernels.ts:364
(anonymous) @ tf-backend-cpu.js:20
(anonymous) @ tf-backend-cpu.js:21
tfjs@4.1.0:8700 The kernel 'ResizeNearestNeighborGrad' for backend 'cpu' is already registered
Hx @ tfjs@4.1.0:8700
Zx @ tfjs@4.1.0:8734
(anonymous) @ register_all_kernels.ts:364
(anonymous) @ tf-backend-cpu.js:20
(anonymous) @ tf-backend-cpu.js:21
tfjs@4.1.0:8700 The kernel 'Reverse' for backend 'cpu' is already registered
Hx @ tfjs@4.1.0:8700
Zx @ tfjs@4.1.0:8734
(anonymous) @ register_all_kernels.ts:364
(anonymous) @ tf-backend-cpu.js:20
(anonymous) @ tf-backend-cpu.js:21
tfjs@4.1.0:8700 The kernel 'RotateWithOffset' for backend 'cpu' is already registered
Hx @ tfjs@4.1.0:8700
Zx @ tfjs@4.1.0:8734
(anonymous) @ register_all_kernels.ts:364
(anonymous) @ tf-backend-cpu.js:20
(anonymous) @ tf-backend-cpu.js:21
tfjs@4.1.0:8700 The kernel 'Round' for backend 'cpu' is already registered
Hx @ tfjs@4.1.0:8700
Zx @ tfjs@4.1.0:8734
(anonymous) @ register_all_kernels.ts:364
(anonymous) @ tf-backend-cpu.js:20
(anonymous) @ tf-backend-cpu.js:21
tfjs@4.1.0:8700 The kernel 'Rsqrt' for backend 'cpu' is already registered
Hx @ tfjs@4.1.0:8700
Zx @ tfjs@4.1.0:8734
(anonymous) @ register_all_kernels.ts:364
(anonymous) @ tf-backend-cpu.js:20
(anonymous) @ tf-backend-cpu.js:21
tfjs@4.1.0:8700 The kernel 'ScatterNd' for backend 'cpu' is already registered
Hx @ tfjs@4.1.0:8700
Zx @ tfjs@4.1.0:8734
(anonymous) @ register_all_kernels.ts:364
(anonymous) @ tf-backend-cpu.js:20
(anonymous) @ tf-backend-cpu.js:21
tfjs@4.1.0:8700 The kernel 'SearchSorted' for backend 'cpu' is already registered
Hx @ tfjs@4.1.0:8700
Zx @ tfjs@4.1.0:8734
(anonymous) @ register_all_kernels.ts:364
(anonymous) @ tf-backend-cpu.js:20
(anonymous) @ tf-backend-cpu.js:21
tfjs@4.1.0:8700 The kernel 'Select' for backend 'cpu' is already registered
Hx @ tfjs@4.1.0:8700
Zx @ tfjs@4.1.0:8734
(anonymous) @ register_all_kernels.ts:364
(anonymous) @ tf-backend-cpu.js:20
(anonymous) @ tf-backend-cpu.js:21
tfjs@4.1.0:8700 The kernel 'Selu' for backend 'cpu' is already registered
Hx @ tfjs@4.1.0:8700
Zx @ tfjs@4.1.0:8734
(anonymous) @ register_all_kernels.ts:364
(anonymous) @ tf-backend-cpu.js:20
(anonymous) @ tf-backend-cpu.js:21
tfjs@4.1.0:8700 The kernel 'Sigmoid' for backend 'cpu' is already registered
Hx @ tfjs@4.1.0:8700
Zx @ tfjs@4.1.0:8734
(anonymous) @ register_all_kernels.ts:364
(anonymous) @ tf-backend-cpu.js:20
(anonymous) @ tf-backend-cpu.js:21
tfjs@4.1.0:8700 The kernel 'Sign' for backend 'cpu' is already registered
Hx @ tfjs@4.1.0:8700
Zx @ tfjs@4.1.0:8734
(anonymous) @ register_all_kernels.ts:364
(anonymous) @ tf-backend-cpu.js:20
(anonymous) @ tf-backend-cpu.js:21
tfjs@4.1.0:8700 The kernel 'Sin' for backend 'cpu' is already registered
Hx @ tfjs@4.1.0:8700
Zx @ tfjs@4.1.0:8734
(anonymous) @ register_all_kernels.ts:364
(anonymous) @ tf-backend-cpu.js:20
(anonymous) @ tf-backend-cpu.js:21
tfjs@4.1.0:8700 The kernel 'Sinh' for backend 'cpu' is already registered
Hx @ tfjs@4.1.0:8700
Zx @ tfjs@4.1.0:8734
(anonymous) @ register_all_kernels.ts:364
(anonymous) @ tf-backend-cpu.js:20
(anonymous) @ tf-backend-cpu.js:21
tfjs@4.1.0:8700 The kernel 'Slice' for backend 'cpu' is already registered
Hx @ tfjs@4.1.0:8700
Zx @ tfjs@4.1.0:8734
(anonymous) @ register_all_kernels.ts:364
(anonymous) @ tf-backend-cpu.js:20
(anonymous) @ tf-backend-cpu.js:21
tfjs@4.1.0:8700 The kernel 'Softmax' for backend 'cpu' is already registered
Hx @ tfjs@4.1.0:8700
Zx @ tfjs@4.1.0:8734
(anonymous) @ register_all_kernels.ts:364
(anonymous) @ tf-backend-cpu.js:20
(anonymous) @ tf-backend-cpu.js:21
tfjs@4.1.0:8700 The kernel 'Softplus' for backend 'cpu' is already registered
Hx @ tfjs@4.1.0:8700
Zx @ tfjs@4.1.0:8734
(anonymous) @ register_all_kernels.ts:364
(anonymous) @ tf-backend-cpu.js:20
(anonymous) @ tf-backend-cpu.js:21
tfjs@4.1.0:8700 The kernel 'SpaceToBatchND' for backend 'cpu' is already registered
Hx @ tfjs@4.1.0:8700
Zx @ tfjs@4.1.0:8734
(anonymous) @ register_all_kernels.ts:364
(anonymous) @ tf-backend-cpu.js:20
(anonymous) @ tf-backend-cpu.js:21
tfjs@4.1.0:8700 The kernel 'SparseFillEmptyRows' for backend 'cpu' is already registered
Hx @ tfjs@4.1.0:8700
Zx @ tfjs@4.1.0:8734
(anonymous) @ register_all_kernels.ts:364
(anonymous) @ tf-backend-cpu.js:20
(anonymous) @ tf-backend-cpu.js:21
tfjs@4.1.0:8700 The kernel 'SparseReshape' for backend 'cpu' is already registered
Hx @ tfjs@4.1.0:8700
Zx @ tfjs@4.1.0:8734
(anonymous) @ register_all_kernels.ts:364
(anonymous) @ tf-backend-cpu.js:20
(anonymous) @ tf-backend-cpu.js:21
tfjs@4.1.0:8700 The kernel 'SparseSegmentMean' for backend 'cpu' is already registered
Hx @ tfjs@4.1.0:8700
Zx @ tfjs@4.1.0:8734
(anonymous) @ register_all_kernels.ts:364
(anonymous) @ tf-backend-cpu.js:20
(anonymous) @ tf-backend-cpu.js:21
tfjs@4.1.0:8700 The kernel 'SparseSegmentSum' for backend 'cpu' is already registered
Hx @ tfjs@4.1.0:8700
Zx @ tfjs@4.1.0:8734
(anonymous) @ register_all_kernels.ts:364
(anonymous) @ tf-backend-cpu.js:20
(anonymous) @ tf-backend-cpu.js:21
tfjs@4.1.0:8700 The kernel 'SparseToDense' for backend 'cpu' is already registered
Hx @ tfjs@4.1.0:8700
Zx @ tfjs@4.1.0:8734
(anonymous) @ register_all_kernels.ts:364
(anonymous) @ tf-backend-cpu.js:20
(anonymous) @ tf-backend-cpu.js:21
tfjs@4.1.0:8700 The kernel 'SplitV' for backend 'cpu' is already registered
Hx @ tfjs@4.1.0:8700
Zx @ tfjs@4.1.0:8734
(anonymous) @ register_all_kernels.ts:364
(anonymous) @ tf-backend-cpu.js:20
(anonymous) @ tf-backend-cpu.js:21
tfjs@4.1.0:8700 The kernel 'Sqrt' for backend 'cpu' is already registered
Hx @ tfjs@4.1.0:8700
Zx @ tfjs@4.1.0:8734
(anonymous) @ register_all_kernels.ts:364
(anonymous) @ tf-backend-cpu.js:20
(anonymous) @ tf-backend-cpu.js:21
tfjs@4.1.0:8700 The kernel 'Square' for backend 'cpu' is already registered
Hx @ tfjs@4.1.0:8700
Zx @ tfjs@4.1.0:8734
(anonymous) @ register_all_kernels.ts:364
(anonymous) @ tf-backend-cpu.js:20
(anonymous) @ tf-backend-cpu.js:21
tfjs@4.1.0:8700 The kernel 'SquaredDifference' for backend 'cpu' is already registered
Hx @ tfjs@4.1.0:8700
Zx @ tfjs@4.1.0:8734
(anonymous) @ register_all_kernels.ts:364
(anonymous) @ tf-backend-cpu.js:20
(anonymous) @ tf-backend-cpu.js:21
tfjs@4.1.0:8700 The kernel 'Step' for backend 'cpu' is already registered
Hx @ tfjs@4.1.0:8700
Zx @ tfjs@4.1.0:8734
(anonymous) @ register_all_kernels.ts:364
(anonymous) @ tf-backend-cpu.js:20
(anonymous) @ tf-backend-cpu.js:21
tfjs@4.1.0:8700 The kernel 'StridedSlice' for backend 'cpu' is already registered
Hx @ tfjs@4.1.0:8700
Zx @ tfjs@4.1.0:8734
(anonymous) @ register_all_kernels.ts:364
(anonymous) @ tf-backend-cpu.js:20
(anonymous) @ tf-backend-cpu.js:21
tfjs@4.1.0:8700 The kernel 'StringNGrams' for backend 'cpu' is already registered
Hx @ tfjs@4.1.0:8700
Zx @ tfjs@4.1.0:8734
(anonymous) @ register_all_kernels.ts:364
(anonymous) @ tf-backend-cpu.js:20
(anonymous) @ tf-backend-cpu.js:21
tfjs@4.1.0:8700 The kernel 'StringSplit' for backend 'cpu' is already registered
Hx @ tfjs@4.1.0:8700
Zx @ tfjs@4.1.0:8734
(anonymous) @ register_all_kernels.ts:364
(anonymous) @ tf-backend-cpu.js:20
(anonymous) @ tf-backend-cpu.js:21
tfjs@4.1.0:8700 The kernel 'StringToHashBucketFast' for backend 'cpu' is already registered
Hx @ tfjs@4.1.0:8700
Zx @ tfjs@4.1.0:8734
(anonymous) @ register_all_kernels.ts:364
(anonymous) @ tf-backend-cpu.js:20
(anonymous) @ tf-backend-cpu.js:21
tfjs@4.1.0:8700 The kernel 'Sub' for backend 'cpu' is already registered
Hx @ tfjs@4.1.0:8700
Zx @ tfjs@4.1.0:8734
(anonymous) @ register_all_kernels.ts:364
(anonymous) @ tf-backend-cpu.js:20
(anonymous) @ tf-backend-cpu.js:21
tfjs@4.1.0:8700 The kernel 'Sum' for backend 'cpu' is already registered
Hx @ tfjs@4.1.0:8700
Zx @ tfjs@4.1.0:8734
(anonymous) @ register_all_kernels.ts:364
(anonymous) @ tf-backend-cpu.js:20
(anonymous) @ tf-backend-cpu.js:21
tfjs@4.1.0:8700 The kernel 'Tan' for backend 'cpu' is already registered
Hx @ tfjs@4.1.0:8700
Zx @ tfjs@4.1.0:8734
(anonymous) @ register_all_kernels.ts:364
(anonymous) @ tf-backend-cpu.js:20
(anonymous) @ tf-backend-cpu.js:21
tfjs@4.1.0:8700 The kernel 'Tanh' for backend 'cpu' is already registered
Hx @ tfjs@4.1.0:8700
Zx @ tfjs@4.1.0:8734
(anonymous) @ register_all_kernels.ts:364
(anonymous) @ tf-backend-cpu.js:20
(anonymous) @ tf-backend-cpu.js:21
tfjs@4.1.0:8700 The kernel 'Tile' for backend 'cpu' is already registered
Hx @ tfjs@4.1.0:8700
Zx @ tfjs@4.1.0:8734
(anonymous) @ register_all_kernels.ts:364
(anonymous) @ tf-backend-cpu.js:20
(anonymous) @ tf-backend-cpu.js:21
tfjs@4.1.0:8700 The kernel 'TopK' for backend 'cpu' is already registered
Hx @ tfjs@4.1.0:8700
Zx @ tfjs@4.1.0:8734
(anonymous) @ register_all_kernels.ts:364
(anonymous) @ tf-backend-cpu.js:20
(anonymous) @ tf-backend-cpu.js:21
tfjs@4.1.0:8700 The kernel 'Transform' for backend 'cpu' is already registered
Hx @ tfjs@4.1.0:8700
Zx @ tfjs@4.1.0:8734
(anonymous) @ register_all_kernels.ts:364
(anonymous) @ tf-backend-cpu.js:20
(anonymous) @ tf-backend-cpu.js:21
tfjs@4.1.0:8700 The kernel 'Transpose' for backend 'cpu' is already registered
Hx @ tfjs@4.1.0:8700
Zx @ tfjs@4.1.0:8734
(anonymous) @ register_all_kernels.ts:364
(anonymous) @ tf-backend-cpu.js:20
(anonymous) @ tf-backend-cpu.js:21
tfjs@4.1.0:8700 The kernel 'Unique' for backend 'cpu' is already registered
Hx @ tfjs@4.1.0:8700
Zx @ tfjs@4.1.0:8734
(anonymous) @ register_all_kernels.ts:364
(anonymous) @ tf-backend-cpu.js:20
(anonymous) @ tf-backend-cpu.js:21
tfjs@4.1.0:8700 The kernel 'Unpack' for backend 'cpu' is already registered
Hx @ tfjs@4.1.0:8700
Zx @ tfjs@4.1.0:8734
(anonymous) @ register_all_kernels.ts:364
(anonymous) @ tf-backend-cpu.js:20
(anonymous) @ tf-backend-cpu.js:21
tfjs@4.1.0:8700 The kernel 'UnsortedSegmentSum' for backend 'cpu' is already registered
Hx @ tfjs@4.1.0:8700
Zx @ tfjs@4.1.0:8734
(anonymous) @ register_all_kernels.ts:364
(anonymous) @ tf-backend-cpu.js:20
(anonymous) @ tf-backend-cpu.js:21
tfjs@4.1.0:8700 The kernel 'ZerosLike' for backend 'cpu' is already registered
Hx @ tfjs@4.1.0:8700
Zx @ tfjs@4.1.0:8734
(anonymous) @ register_all_kernels.ts:364
(anonymous) @ tf-backend-cpu.js:20
(anonymous) @ tf-backend-cpu.js:21
tfjs@4.1.0:10424 56
test.html:14 315
tfjs@4.1.0:10424 17
test.html:17 251
tfjs@4.1.0:10424 44
test.html:20 44
test.html:23 13
tfjs@4.1.0:10424 38
test.html:14 238
tfjs@4.1.0:10424 5
test.html:17 205
tfjs@4.1.0:10424 9
test.html:20 9
test.html:23 13
tfjs@4.1.0:10424 39
test.html:14 263
tfjs@4.1.0:10424 5
test.html:17 231
tfjs@4.1.0:10424 8
test.html:20 8
test.html:23 13
tfjs@4.1.0:10424 35
test.html:14 238
tfjs@4.1.0:10424 5
test.html:17 209
tfjs@4.1.0:10424 11
test.html:20 11
test.html:23 13
tfjs@4.1.0:10424 35
test.html:14 242
tfjs@4.1.0:10424 5
test.html:17 224
tfjs@4.1.0:10424 9
test.html:20 9
test.html:23 15
tfjs@4.1.0:10424 35
test.html:14 240
tfjs@4.1.0:10424 7
test.html:17 213
tfjs@4.1.0:10424 8
test.html:20 8
test.html:23 14
tfjs@4.1.0:10424 34
test.html:14 235
tfjs@4.1.0:10424 6
test.html:17 227
tfjs@4.1.0:10424 9
test.html:20 9
test.html:23 16
tfjs@4.1.0:10424 34
test.html:14 244
tfjs@4.1.0:10424 5
test.html:17 214
tfjs@4.1.0:10424 8
test.html:20 8
test.html:23 14
tfjs@4.1.0:10424 34
test.html:14 236
tfjs@4.1.0:10424 6
test.html:17 216
tfjs@4.1.0:10424 9
test.html:20 9
test.html:23 15
tfjs@4.1.0:10424 36
test.html:14 241
tfjs@4.1.0:10424 5
test.html:17 214
tfjs@4.1.0:10424 8
test.html:20 8
test.html:23 12
tfjs@4.1.0:10424 38
test.html:14 238
tfjs@4.1.0:10424 8
test.html:17 227
tfjs@4.1.0:10424 13
test.html:20 13
test.html:23 12
tfjs@4.1.0:10424 34
test.html:14 241
tfjs@4.1.0:10424 9
test.html:17 230
tfjs@4.1.0:10424 12
test.html:20 12
test.html:23 15
tfjs@4.1.0:10424 33
test.html:14 238
tfjs@4.1.0:10424 6
test.html:17 223
tfjs@4.1.0:10424 7
test.html:20 7
test.html:23 14
tfjs@4.1.0:10424 36
test.html:14 238
tfjs@4.1.0:10424 5
test.html:17 218
tfjs@4.1.0:10424 9
test.html:20 9
test.html:23 13
tfjs@4.1.0:10424 34
test.html:14 232
tfjs@4.1.0:10424 6
test.html:17 214
tfjs@4.1.0:10424 9
test.html:20 9
test.html:23 14
tfjs@4.1.0:10424 38
test.html:14 239
tfjs@4.1.0:10424 5
test.html:17 210
tfjs@4.1.0:10424 8
test.html:20 8
test.html:23 14
tfjs@4.1.0:10424 34
test.html:14 232
tfjs@4.1.0:10424 10
test.html:17 218
tfjs@4.1.0:10424 11
test.html:20 11
test.html:23 17
tfjs@4.1.0:10424 36
test.html:14 249
tfjs@4.1.0:10424 6
test.html:17 222
tfjs@4.1.0:10424 10
test.html:20 10
test.html:23 13
tfjs@4.1.0:10424 33
test.html:14 231
tfjs@4.1.0:10424 5
test.html:17 208
tfjs@4.1.0:10424 7
test.html:20 8
test.html:23 12
tfjs@4.1.0:10424 33
test.html:14 244
tfjs@4.1.0:10424 6
test.html:17 215
tfjs@4.1.0:10424 8
test.html:20 8
test.html:23 13
tfjs@4.1.0:10424 35
test.html:14 255
tfjs@4.1.0:10424 5
test.html:17 209
tfjs@4.1.0:10424 8
test.html:20 8
test.html:23 12
tfjs@4.1.0:10424 35
test.html:14 240
tfjs@4.1.0:10424 5
test.html:17 216
tfjs@4.1.0:10424 7
test.html:20 7
test.html:23 12
tfjs@4.1.0:10424 34
test.html:14 233
tfjs@4.1.0:10424 5
test.html:17 204
tfjs@4.1.0:10424 8
test.html:20 8
test.html:23 14
tfjs@4.1.0:10424 40
test.html:14 264
tfjs@4.1.0:10424 7
test.html:17 245
tfjs@4.1.0:10424 9
test.html:20 10
test.html:23 14
tfjs@4.1.0:10424 36
test.html:14 250
tfjs@4.1.0:10424 6
test.html:17 211
tfjs@4.1.0:10424 10
test.html:20 10
test.html:23 14
tfjs@4.1.0:10424 39
test.html:14 249
tfjs@4.1.0:10424 6
test.html:17 217
tfjs@4.1.0:10424 7
test.html:20 7
test.html:23 12
tfjs@4.1.0:10424 37
test.html:14 236
tfjs@4.1.0:10424 4
test.html:17 209
tfjs@4.1.0:10424 8
test.html:20 8
test.html:23 14
tfjs@4.1.0:10424 35
test.html:14 245
tfjs@4.1.0:10424 6
test.html:17 226
tfjs@4.1.0:10424 7
test.html:20 7
test.html:23 14
tfjs@4.1.0:10424 34
test.html:14 244
tfjs@4.1.0:10424 5
test.html:17 211
tfjs@4.1.0:10424 8
test.html:20 8
test.html:23 13
tfjs@4.1.0:10424 36
test.html:14 238
tfjs@4.1.0:10424 4
test.html:17 222
tfjs@4.1.0:10424 7
test.html:20 7
test.html:23 14
tfjs@4.1.0:10424 33
test.html:14 245
tfjs@4.1.0:10424 5
test.html:17 218
tfjs@4.1.0:10424 8
test.html:20 8
test.html:23 12
tfjs@4.1.0:10424 36
test.html:14 230
tfjs@4.1.0:10424 5
test.html:17 218
tfjs@4.1.0:10424 7
test.html:20 8
test.html:23 13
tfjs@4.1.0:10424 34
test.html:14 237
tfjs@4.1.0:10424 7
test.html:17 214
tfjs@4.1.0:10424 7
test.html:20 7
test.html:23 12
tfjs@4.1.0:10424 35
test.html:14 236
tfjs@4.1.0:10424 9
test.html:17 225
tfjs@4.1.0:10424 15
test.html:20 16
test.html:23 13
tfjs@4.1.0:10424 38
test.html:14 249
tfjs@4.1.0:10424 5
test.html:17 228
tfjs@4.1.0:10424 9
test.html:20 9
test.html:23 13
tfjs@4.1.0:10424 35
test.html:14 231
tfjs@4.1.0:10424 5
test.html:17 220
tfjs@4.1.0:10424 8
test.html:20 8
test.html:23 13
tfjs@4.1.0:10424 36
test.html:14 233
tfjs@4.1.0:10424 6
test.html:17 214
tfjs@4.1.0:10424 10
test.html:20 10
test.html:23 16
tfjs@4.1.0:10424 34
test.html:14 237
tfjs@4.1.0:10424 5
test.html:17 208
tfjs@4.1.0:10424 8
test.html:20 8
test.html:23 14
tfjs@4.1.0:10424 35
test.html:14 239
tfjs@4.1.0:10424 5
test.html:17 206
tfjs@4.1.0:10424 7
test.html:20 7
test.html:23 12
tfjs@4.1.0:10424 34
test.html:14 239
tfjs@4.1.0:10424 8
test.html:17 226
tfjs@4.1.0:10424 10
test.html:20 10
test.html:23 13
tfjs@4.1.0:10424 39
test.html:14 249
tfjs@4.1.0:10424 5
test.html:17 220
tfjs@4.1.0:10424 7
test.html:20 8
test.html:23 11
tfjs@4.1.0:10424 36
test.html:14 235
tfjs@4.1.0:10424 6
test.html:17 215
tfjs@4.1.0:10424 9
test.html:20 9
test.html:23 13
tfjs@4.1.0:10424 33
test.html:14 229
tfjs@4.1.0:10424 5
test.html:17 220
tfjs@4.1.0:10424 8
test.html:20 8
test.html:23 13
tfjs@4.1.0:10424 35
test.html:14 235
tfjs@4.1.0:10424 5
test.html:17 211
tfjs@4.1.0:10424 7
test.html:20 7
test.html:23 15
tfjs@4.1.0:10424 35
test.html:14 256
tfjs@4.1.0:10424 5
test.html:17 224
tfjs@4.1.0:10424 9
test.html:20 9
test.html:23 13
tfjs@4.1.0:10424 35
test.html:14 236
tfjs@4.1.0:10424 6
test.html:17 223
tfjs@4.1.0:10424 8
test.html:20 8
test.html:23 13
tfjs@4.1.0:10424 32
test.html:14 240
tfjs@4.1.0:10424 5
test.html:17 211
tfjs@4.1.0:10424 7
test.html:20 7
test.html:23 14
tfjs@4.1.0:10424 33
test.html:14 236
tfjs@4.1.0:10424 5
test.html:17 207
tfjs@4.1.0:10424 9
test.html:20 9
test.html:23 14
tfjs@4.1.0:10424 39
test.html:14 252
tfjs@4.1.0:10424 5
test.html:17 223
tfjs@4.1.0:10424 9
test.html:20 9
test.html:23 13
tfjs@4.1.0:10424 35
test.html:14 229
tfjs@4.1.0:10424 5
test.html:17 210
tfjs@4.1.0:10424 8
test.html:20 8
test.html:23 14
tfjs@4.1.0:10424 35
test.html:14 237
tfjs@4.1.0:10424 6
test.html:17 217
tfjs@4.1.0:10424 8
test.html:20 8
test.html:23 13
tfjs@4.1.0:10424 34
test.html:14 235
tfjs@4.1.0:10424 5
test.html:17 218
tfjs@4.1.0:10424 7
test.html:20 7
test.html:23 13
tfjs@4.1.0:10424 33
test.html:14 236
tfjs@4.1.0:10424 5
test.html:17 207
tfjs@4.1.0:10424 7
test.html:20 7
test.html:23 12
tfjs@4.1.0:10424 34
test.html:14 236
tfjs@4.1.0:10424 5
test.html:17 211
tfjs@4.1.0:10424 8
test.html:20 9
test.html:23 16
tfjs@4.1.0:10424 36
test.html:14 237
tfjs@4.1.0:10424 5
test.html:17 221
tfjs@4.1.0:10424 9
test.html:20 9
test.html:23 14
tfjs@4.1.0:10424 35
test.html:14 250
tfjs@4.1.0:10424 5
test.html:17 210
tfjs@4.1.0:10424 7
test.html:20 7
test.html:23 13
tfjs@4.1.0:10424 35
test.html:14 238
tfjs@4.1.0:10424 6
test.html:17 224
tfjs@4.1.0:10424 9
test.html:20 9
test.html:23 15
tfjs@4.1.0:10424 37
test.html:14 239
tfjs@4.1.0:10424 6
test.html:17 213
tfjs@4.1.0:10424 8
test.html:20 8
test.html:23 16
tfjs@4.1.0:10424 36
test.html:14 263
tfjs@4.1.0:10424 5
test.html:17 215
tfjs@4.1.0:10424 9
test.html:20 9
test.html:23 12
tfjs@4.1.0:10424 34
test.html:14 239
tfjs@4.1.0:10424 5
test.html:17 214
tfjs@4.1.0:10424 7
test.html:20 7
test.html:23 14
tfjs@4.1.0:10424 35
test.html:14 242
tfjs@4.1.0:10424 6
test.html:17 215
tfjs@4.1.0:10424 7
test.html:20 7
test.html:23 13
tfjs@4.1.0:10424 34
test.html:14 233
tfjs@4.1.0:10424 5
test.html:17 211
tfjs@4.1.0:10424 7
test.html:20 7
test.html:23 15
tfjs@4.1.0:10424 38
test.html:14 247
tfjs@4.1.0:10424 6
test.html:17 216
tfjs@4.1.0:10424 13
test.html:20 13
test.html:23 13
tfjs@4.1.0:10424 37
test.html:14 234
tfjs@4.1.0:10424 6
test.html:17 210
tfjs@4.1.0:10424 10
test.html:20 10
test.html:23 14
tfjs@4.1.0:10424 6
test.html:14 232
tfjs@4.1.0:10424 7
test.html:17 215
tfjs@4.1.0:10424 13
test.html:20 13
test.html:23 16
tfjs@4.1.0:10424 35
test.html:14 247
tfjs@4.1.0:10424 5
test.html:17 218
tfjs@4.1.0:10424 9
test.html:20 9
test.html:23 13
tfjs@4.1.0:10424 35
test.html:14 232
tfjs@4.1.0:10424 6
test.html:17 211
tfjs@4.1.0:10424 7
test.html:20 7
test.html:23 13
tfjs@4.1.0:10424 33
test.html:14 247
tfjs@4.1.0:10424 5
test.html:17 213
tfjs@4.1.0:10424 7
test.html:20 7
test.html:23 13
tfjs@4.1.0:10424 33
test.html:14 232
tfjs@4.1.0:10424 5
test.html:17 209
tfjs@4.1.0:10424 7
test.html:20 7
test.html:23 16
tfjs@4.1.0:10424 37
test.html:14 251
tfjs@4.1.0:10424 6
test.html:17 233
tfjs@4.1.0:10424 7
test.html:20 8
test.html:23 13
tfjs@4.1.0:10424 36
test.html:14 239
tfjs@4.1.0:10424 7
test.html:17 213
tfjs@4.1.0:10424 8
test.html:20 8
test.html:23 13
tfjs@4.1.0:10424 42
test.html:14 261
tfjs@4.1.0:10424 5
test.html:17 236
tfjs@4.1.0:10424 9
test.html:20 10
test.html:23 13
tfjs@4.1.0:10424 36
test.html:14 250
tfjs@4.1.0:10424 6
test.html:17 234
tfjs@4.1.0:10424 9
test.html:20 9
test.html:23 13
tfjs@4.1.0:10424 39
test.html:14 266
tfjs@4.1.0:10424 6
test.html:17 235
tfjs@4.1.0:10424 9
test.html:20 9
test.html:23 14
tfjs@4.1.0:10424 38
test.html:14 249
tfjs@4.1.0:10424 5
test.html:17 226
tfjs@4.1.0:10424 10
test.html:20 10
test.html:23 16
tfjs@4.1.0:10424 33
test.html:14 248
tfjs@4.1.0:10424 5
test.html:17 216
tfjs@4.1.0:10424 11
test.html:20 11
test.html:23 17
tfjs@4.1.0:10424 35
test.html:14 234
tfjs@4.1.0:10424 5
test.html:17 214
tfjs@4.1.0:10424 8
test.html:20 8
test.html:23 12
tfjs@4.1.0:10424 36
test.html:14 241
tfjs@4.1.0:10424 5
test.html:17 221
tfjs@4.1.0:10424 8
test.html:20 8
test.html:23 12
tfjs@4.1.0:10424 36
test.html:14 237
tfjs@4.1.0:10424 5
test.html:17 214
tfjs@4.1.0:10424 10
test.html:20 10
test.html:23 14
tfjs@4.1.0:10424 41
test.html:14 244
tfjs@4.1.0:10424 5
test.html:17 221
tfjs@4.1.0:10424 8
test.html:20 9
test.html:23 13
tfjs@4.1.0:10424 32
test.html:14 232
tfjs@4.1.0:10424 7
test.html:17 214
tfjs@4.1.0:10424 8
test.html:20 8
test.html:23 13
tfjs@4.1.0:10424 37
test.html:14 259
tfjs@4.1.0:10424 5
test.html:17 210
tfjs@4.1.0:10424 7
test.html:20 7
test.html:23 15
tfjs@4.1.0:10424 36
test.html:14 235
tfjs@4.1.0:10424 7
test.html:17 222
tfjs@4.1.0:10424 8
test.html:20 8
test.html:23 14
tfjs@4.1.0:10424 36
test.html:14 242
tfjs@4.1.0:10424 7
test.html:17 210
tfjs@4.1.0:10424 9
test.html:20 9
test.html:23 13
tfjs@4.1.0:10424 33
test.html:14 233
tfjs@4.1.0:10424 5
test.html:17 212
tfjs@4.1.0:10424 8
test.html:20 8
test.html:23 15
tfjs@4.1.0:10424 34
test.html:14 235
tfjs@4.1.0:10424 6
test.html:17 224
tfjs@4.1.0:10424 8
test.html:20 8
test.html:23 16
tfjs@4.1.0:10424 34
test.html:14 245
tfjs@4.1.0:10424 5
test.html:17 207
tfjs@4.1.0:10424 7
test.html:20 7
test.html:23 13
tfjs@4.1.0:10424 37
test.html:14 234
tfjs@4.1.0:10424 5
test.html:17 232
tfjs@4.1.0:10424 10
test.html:20 10
test.html:23 15
tfjs@4.1.0:10424 35
test.html:14 236
tfjs@4.1.0:10424 5
test.html:17 229
tfjs@4.1.0:10424 8
test.html:20 8
test.html:23 11
tfjs@4.1.0:10424 34
test.html:14 232
tfjs@4.1.0:10424 5
test.html:17 218
tfjs@4.1.0:10424 9
test.html:20 10
test.html:23 15
tfjs@4.1.0:10424 33
test.html:14 238
tfjs@4.1.0:10424 5
test.html:17 206
tfjs@4.1.0:10424 8
test.html:20 8
test.html:23 15
tfjs@4.1.0:10424 36
test.html:14 237
tfjs@4.1.0:10424 5
test.html:17 220
tfjs@4.1.0:10424 9
test.html:20 9
test.html:23 14
tfjs@4.1.0:10424 38
test.html:14 245
tfjs@4.1.0:10424 5
test.html:17 209
tfjs@4.1.0:10424 9
test.html:20 10
test.html:23 14
tfjs@4.1.0:10424 34
test.html:14 228
tfjs@4.1.0:10424 6
test.html:17 221
tfjs@4.1.0:10424 11
test.html:20 11
test.html:23 14
tfjs@4.1.0:10424 35
test.html:14 239
tfjs@4.1.0:10424 4
test.html:17 208
tfjs@4.1.0:10424 7
test.html:20 7
test.html:23 13
tfjs@4.1.0:10424 34
test.html:14 230
tfjs@4.1.0:10424 5
test.html:17 207
tfjs@4.1.0:10424 8
test.html:20 8
test.html:23 14
tfjs@4.1.0:10424 37
test.html:14 256
tfjs@4.1.0:10424 5
test.html:17 222
tfjs@4.1.0:10424 8
test.html:20 8
test.html:23 13
tfjs@4.1.0:10424 35
test.html:14 233
tfjs@4.1.0:10424 5
test.html:17 217
tfjs@4.1.0:10424 8
test.html:20 8
test.html:23 14
tfjs@4.1.0:10424 34
test.html:14 241
tfjs@4.1.0:10424 5
test.html:17 209
tfjs@4.1.0:10424 7
test.html:20 7
test.html:23 17
tfjs@4.1.0:10424 36
test.html:14 234
tfjs@4.1.0:10424 5
test.html:17 209
tfjs@4.1.0:10424 9
test.html:20 9
test.html:23 12
